<?xml version="1.0" encoding="UTF-8"?>
<!-- Generated by org.testng.reporters.JUnitReportReporter -->
<testsuite hostname="DESKTOP-4ESPB9P" failures="0" tests="1" name="TestNgPack.Demo" time="0.002" errors="0" timestamp="2025-06-10T05:39:30 IST" skipped="0">
  <testcase classname="TestNgPack.Demo" name="m1" time="0.002"/>
</testsuite> <!-- TestNgPack.Demo -->
