<?xml version="1.0" encoding="UTF-8"?>
<!-- Generated by org.testng.reporters.JUnitReportReporter -->
<testsuite hostname="DESKTOP-4ESPB9P" failures="0" tests="1" name="TestNgPack.NewTest" time="0.003" errors="0" timestamp="2025-06-10T05:39:30 IST" skipped="0">
  <testcase classname="TestNgPack.NewTest" name="f" time="0.003"/>
</testsuite> <!-- TestNgPack.NewTest -->
