<?xml version="1.0" encoding="UTF-8"?>
<!-- Generated by org.testng.reporters.JUnitReportReporter -->
<testsuite hostname="DESKTOP-4ESPB9P" failures="0" tests="3" name="TestNgPack.TNG_1" time="0.014" errors="0" timestamp="2025-06-10T05:39:30 IST" skipped="0">
  <testcase classname="TestNgPack.TNG_1" name="a" time="0.009"/>
  <testcase classname="TestNgPack.TNG_1" name="f" time="0.003"/>
  <testcase classname="TestNgPack.TNG_1" name="c" time="0.002"/>
</testsuite> <!-- TestNgPack.TNG_1 -->
